<?xml version="1.0" encoding="UTF-8"?>
<!-- Generated by org.testng.reporters.JUnitReportReporter -->
<testsuite hostname="LAPTOP-5200UCR4" failures="0" tests="12" name="runner.CarBookingRunner" time="173.794" errors="0" timestamp="2022-01-18T11:41:30 IST" skipped="0">
  <testcase classname="runner.CarBookingRunner" name="validateTitle" time="6.123"/>
  <system-out/>
  <testcase classname="runner.CarBookingRunner" name="LogIn" time="19.249"/>
  <system-out/>
  <testcase classname="runner.CarBookingRunner" name="Bookings" time="30.554"/>
  <system-out/>
  <testcase classname="runner.CarBookingRunner" name="Register" time="22.012"/>
  <system-out/>
  <testcase classname="runner.CarBookingRunner" name="Aboutus" time="8.774"/>
  <system-out/>
  <testcase classname="runner.CarBookingRunner" name="airporttaxi" time="16.462"/>
  <system-out/>
  <testcase classname="runner.CarBookingRunner" name="CheckCabTypes" time="11.961"/>
  <system-out/>
  <testcase classname="runner.CarBookingRunner" name="ContactUs" time="11.350"/>
  <system-out/>
  <testcase classname="runner.CarBookingRunner" name="localcars" time="12.612"/>
  <system-out/>
  <testcase classname="runner.CarBookingRunner" name="oneway" time="9.160"/>
  <system-out/>
  <testcase classname="runner.CarBookingRunner" name="RoundTrip" time="17.177"/>
  <system-out/>
  <testcase classname="runner.CarBookingRunner" name="TravelAgents" time="8.360"/>
  <system-out/>
</testsuite> <!-- runner.CarBookingRunner -->
